TN:
SF:src/db.js
FN:6,(anonymous_7)
FN:6,_callee
FN:6,getUserByUsername
FNF:3
FNH:3
FNDA:1,(anonymous_7)
FNDA:10,_callee
FNDA:2,getUserByUsername
DA:1,1
DA:2,1
DA:4,1
DA:6,30
DA:7,2
DA:12,2
DA:14,2
DA:16,2
DA:21,1
LF:9
LH:9
BRDA:4,0,0,1
BRDA:4,0,1,0
BRDA:6,1,0,2
BRDA:6,1,1,2
BRDA:6,1,2,2
BRDA:6,1,3,0
BRDA:6,1,4,2
BRF:7
BRH:5
end_of_record
TN:
SF:src/mocha-setup.js
FNF:0
FNH:0
DA:1,1
DA:3,1
DA:4,1
DA:6,1
LF:4
LH:4
BRF:0
BRH:0
end_of_record
TN:
SF:src/server.js
FN:5,(anonymous_7)
FN:5,_callee
FNF:2
FNH:2
FNDA:4,(anonymous_7)
FNDA:9,_callee
DA:1,1
DA:2,1
DA:3,1
DA:5,35
DA:6,3
DA:9,2
DA:10,2
DA:11,1
DA:13,1
DA:16,1
LF:10
LH:10
BRDA:5,0,0,3
BRDA:5,0,1,2
BRDA:5,0,2,1
BRDA:5,0,3,3
BRDA:5,0,4,3
BRDA:10,1,0,1
BRDA:10,1,1,1
BRF:7
BRH:7
end_of_record
TN:
SF:src/test-helpers.js
FN:3,(anonymous_6)
FN:3,_callee
FN:3,setDatabaseData
FN:15,(anonymous_10)
FN:15,_callee2
FN:15,getDatabaseData
FN:28,(anonymous_14)
FN:28,_callee3
FN:28,resetDatabase
FNF:9
FNH:9
FNDA:1,(anonymous_6)
FNDA:8,_callee
FNDA:2,setDatabaseData
FNDA:1,(anonymous_10)
FNDA:5,_callee2
FNDA:1,getDatabaseData
FNDA:1,(anonymous_14)
FNDA:8,_callee3
FNDA:2,resetDatabase
DA:1,1
DA:3,24
DA:4,2
DA:9,2
DA:13,2
DA:15,15
DA:16,1
DA:21,1
DA:23,1
DA:25,1
DA:28,24
DA:29,2
DA:34,2
DA:38,2
LF:14
LH:14
BRDA:3,0,0,2
BRDA:3,0,1,2
BRDA:3,0,2,2
BRDA:3,0,3,2
BRDA:3,0,4,2
BRDA:15,1,0,1
BRDA:15,1,1,1
BRDA:15,1,2,1
BRDA:15,1,3,0
BRDA:15,1,4,1
BRDA:28,2,0,2
BRDA:28,2,1,2
BRDA:28,2,2,2
BRDA:28,2,3,2
BRDA:28,2,4,2
BRF:15
BRH:14
end_of_record
